<?xml version="1.0" encoding="UTF-8"?>
<beans xmlns="http://www.springframework.org/schema/beans"
	xmlns:xsi="http://www.w3.org/2001/XMLSchema-instance"
	xmlns:context="http://www.springframework.org/schema/context"
	xmlns:aop="http://www.springframework.org/schema/aop"
	xsi:schemaLocation="http://www.springframework.org/schema/beans http://www.springframework.org/schema/beans/spring-beans.xsd
		http://www.springframework.org/schema/context http://www.springframework.org/schema/context/spring-context-4.2.xsd
		http://www.springframework.org/schema/aop http://www.springframework.org/schema/aop/spring-aop-4.2.xsd">

	<context:component-scan base-package="com.tionsoft.ews" />
	
	<bean id="service" class="com.tionsoft.ews.impl.EWSServiceImpl">
		<constructor-arg type="java.lang.String" value="@tionsoft.co.kr" />
		<constructor-arg type="java.lang.String" value="" />
		<constructor-arg type="java.lang.String"
			value="https://mail.tionsoft.co.kr/EWS/Exchange.asmx" />
	</bean>


</beans>
